open source     > 1 > 1 > /usr/share/texmf/tex/context/base/mkiv/cont-yes.mkiv

ConTeXt  ver: 2016.05.17 19:20 MKIV current  fmt: 2018.11.15  int: english/english

system          > 'cont-new.mkiv' loaded
open source     > 2 > 2 > /usr/share/texmf/tex/context/base/mkiv/cont-new.mkiv
close source    > 2 > 2 > /usr/share/texmf/tex/context/base/mkiv/cont-new.mkiv
system          > files > jobname 'mick-o-donovan-cv', input './mick-o-donovan-cv', result 'mick-o-donovan-cv'
fonts           > latin modern fonts are not preloaded
languages       > language 'en' is active
open source     > 2 > 3 > /home/modonovan/cv/output/mick-o-donovan-cv.tex
colors          > defining > unknown library 'hex'
open source     > 3 > 4 > /usr/share/texmf/tex/context/fonts/mkiv/type-imp-texgyre.mkiv
close source    > 3 > 4 > /usr/share/texmf/tex/context/fonts/mkiv/type-imp-texgyre.mkiv
structure       > sectioning > subsection @ level 4 : 0.0.0.1 -> Professional Summary
structure       > sectioning > subsection @ level 4 : 0.0.0.2 -> Technical Skills
structure       > sectioning > subsection @ level 4 : 0.0.0.3 -> Certifications and Qualifications
structure       > sectioning > subsection @ level 4 : 0.0.0.4 -> Work Experience
structure       > sectioning > subsubsection @ level 5 : 0.0.0.4.1 -> June 2016 - Present
structure       > sectioning > subsubsection @ level 5 : 0.0.0.4.2 -> March 2004 - May 2016
backend         > xmp > using file '/usr/share/texmf/tex/context/base/mkiv/lpdf-pdx.xml'
pages           > flushing realpage 1, userpage 1
structure       > sectioning > subsubsection @ level 5 : 0.0.0.4.3 -> May 2002 - March 2004
structure       > sectioning > subsection @ level 4 : 0.0.0.5 -> Volunteering
pages           > flushing realpage 2, userpage 2
structure       > sectioning > subsection @ level 4 : 0.0.0.6 -> Hobbies and interests
structure       > sectioning > subsection @ level 4 : 0.0.0.7 -> Referees and references
pages           > flushing realpage 3, userpage 3
close source    > 2 > 4 > /home/modonovan/cv/output/mick-o-donovan-cv.tex
close source    > 1 > 4 > /usr/share/texmf/tex/context/base/mkiv/cont-yes.mkiv

system          > structure > start used structure

used structure  > text: mick-o-donovan-cv

system          > structure > stop used structure


system          > files > start used files

used file       >    1: filename=cont-yes.mkiv filetype=tex foundname=/usr/share/texmf/tex/context/base/mkiv/cont-yes.mkiv usedmethod=database
used file       >    2: filename=publ-imp-default.lua filetype=lua foundname=/usr/share/texmf/tex/context/base/mkiv/publ-imp-default.lua usedmethod=database
used file       >    3: filename=cont-new.mkiv filetype=tex foundname=/usr/share/texmf/tex/context/base/mkiv/cont-new.mkiv usedmethod=database
used file       >    4: filename=lang-us.lua filetype=lua foundname=/usr/share/texmf/tex/context/patterns/mkiv/lang-us.lua usedmethod=database
used file       >    5: filename=/home/modonovan/cv/output/mick-o-donovan-cv.tex foundname=/home/modonovan/cv/output/mick-o-donovan-cv.tex usedmethod=direct
used file       >    6: filename=type-imp-texgyre.mkiv filetype=tex foundname=/usr/share/texmf/tex/context/fonts/mkiv/type-imp-texgyre.mkiv usedmethod=database
used file       >    7: filename=lm.lfg filetype=tex foundname=/usr/share/texmf/tex/context/fonts/mkiv/lm.lfg usedmethod=database
used file       >    8: filename=texgyreheros-regular filetype=otf format=otf foundname=/usr/share/texmf/fonts/opentype/public/tex-gyre/texgyreheros-regular.otf usedmethod=database
used file       >    9: filename=latinmodern-math.otf filetype=opentypefonts foundname=/usr/share/texmf/fonts/opentype/public/lm-math/latinmodern-math.otf usedmethod=database
used file       >   10: filename=texgyreheros-bold filetype=otf format=otf foundname=/usr/share/texmf/fonts/opentype/public/tex-gyre/texgyreheros-bold.otf usedmethod=database
used file       >   11: filename=lmmonolt10-bold filetype=otf format=otf foundname=/usr/share/texmf/fonts/opentype/public/lm/lmmonolt10-bold.otf usedmethod=database
used file       >   12: filename=lpdf-pdx.xml filetype=tex foundname=/usr/share/texmf/tex/context/base/mkiv/lpdf-pdx.xml usedmethod=database
used file       >   13: filename=texgyreheros-bolditalic filetype=otf format=otf foundname=/usr/share/texmf/fonts/opentype/public/tex-gyre/texgyreheros-bolditalic.otf usedmethod=database

system          > files > stop used files


system          > options > start commandline options

used option     > currentrun="3"
used option     > fulljobname="./mick-o-donovan-cv.tex"
used option     > input="./mick-o-donovan-cv.tex"
used option     > kindofrun="2"
used option     > maxnofruns="9"
used option     > no-parse-first-line="true"

system          > options > stop commandline options

system          > options > start commandline files

used file       >    1: ./mick-o-donovan-cv.tex

system          > options > stop commandline files


mkiv lua stats  > used config file: /usr/share/texmf/web2c/texmfcnf.lua;/usr/share/texlive/texmf-dist/web2c/texmfcnf.lua
mkiv lua stats  > used cache path: readable: '/var/lib/texmf/luatex-cache/context/b47c3d3cee7cb6c86268d0595268c442' | readable+writable: '/home/modonovan/.texlive2016/texmf-var/luatex-cache/context/b47c3d3cee7cb6c86268d0595268c442'
mkiv lua stats  > resource resolver: loadtime 0.032 seconds, 0 scans with scantime 0.000 seconds, 0 shared scans, 13 found files, scanned paths: <none>
mkiv lua stats  > stored bytecode data: 387 modules (0.490 sec), 82 tables (0.027 sec), 469 chunks (0.517 sec)
mkiv lua stats  > traced context: maxstack: 1175, freed: 0, unreachable: 1175
mkiv lua stats  > cleaned up reserved nodes: 53 nodes, 9 lists of 444
mkiv lua stats  > node memory usage: 12 glue, 2 penalty, 29 attribute, 37 glue_spec, 9 attribute_list, 2 temp
mkiv lua stats  > node list callback tasks: 6 unique task lists, 6 instances (re)created, 437 calls
mkiv lua stats  > h-node processing time: 0.059 seconds including kernel
mkiv lua stats  > attribute processing time: 0.015 seconds front- and backend
mkiv lua stats  > used backend: pdf (backend for directly generating pdf output)
mkiv lua stats  > jobdata time: 0.004 seconds saving, 0.002 seconds loading
mkiv lua stats  > callbacks: 979 direct, 823 indirect, 1802 total
mkiv lua stats  > randomizer: resumed with value 0.98376570920635
mkiv lua stats  > loaded patterns: en::2, load time: 0.000
mkiv lua stats  > interactive elements: 8 references, 10 destinations
mkiv lua stats  > result saved in file: mick-o-donovan-cv.pdf, compresslevel 3, objectcompresslevel 3
mkiv lua stats  > loaded fonts: 5 files: latinmodern-math.otf, lmmonolt10-bold.otf, texgyreheros-bold.otf, texgyreheros-bolditalic.otf, texgyreheros-regular.otf
mkiv lua stats  > font engine: otf 3.020, afm 1.512, tfm 1.000, 10 instances, 3 shared in backend, 0 common vectors, 3 common hashes, load time 0.459 seconds 
mkiv lua stats  > pdf annotations: 8 links (8 unique), 0 special
mkiv lua stats  > used platform: linux, type: unix, binary subtree: usr
mkiv lua stats  > luatex banner: this is luatex, version 0.95.0 (tex live 2016/debian)
mkiv lua stats  > control sequences: 44114 of 65536 + 100000
mkiv lua stats  > lua properties: engine: lua, used memory: 49 MB (ctx: 48 MB), hash type: lua, hash chars: min(64,40), symbol mask: utf (τεχ)
mkiv lua stats  > runtime: 1.703 seconds, 3 processed pages, 3 shipped pages, 1.762 pages/second

